=== Kernel Log Buffer ===
Captured at: Thu Jan 15 11:29:46 AM EST 2026
Method: Automated GDB extraction from __log_buf
==========================================

\246Linux version 4.4.94+ (zcz@androidserver3) (gcc version 5.2.0 (Ingenic r3.2.1-gcc520 2017.12-15) ) #254 PREEMPT Sat Aug 30 17:46:48 CST 2025
\202CPU0 RESET ERROR PC:00000000
\306bootconsole [early0] enabled
#
\306CPU0 revision is: 2ed1024f (Xburst)
\306FPU revision is: 00739300
H
\306MIPS: machine is ingenic,x1600_halley6_module_base
\306Determined physical RAM map:
%
\302 memory: 007a2000 @ 00010000 (usable)
@
\302 memory: 0013e000 @ 007b2000 (usable after init)
\306User-defined physical RAM map:
%
\302 memory: 04000000 @ 00000000 (usable)
 
\f
\306Zone ranges:
H
\302  Normal   [mem 0x", '0' <repeats 16 times>, "-0x0000000003ffffff]
 
\306Movable zone start for each node
(
\306Early memory node ranges
H
\306  node   0: [mem 0x", '0' <repeats 16 times>, "-0x0000000003ffffff]
P
@
\306Initmem setup node 0 [mem 0x", '0' <repeats 16 times>, "-0x0000000003ffffff]
\346On node 0 totalpages: 16384
X
B
\346free_area_init_node: node 0, pgdat 807aecc0, node_mem_map 81011de0
(
\346  Normal zone: 128 pages used for memmap
\346  Normal zone: 0 pages reserved
(
\346  Normal zone: 16384 pages, LIFO batch:3
P
>
\202Primary instruction cache 2kB, VIPT, 2-way, linesize 16 bytes.
X
B
\202Primary data cache 2kB, 2-way, VIPT, no aliases, linesize 16 bytes
!
\206WARNNIGG: Using Uncacheable Kseg0
@
-
\342pcpu-alloc: s0 r0 d32768 u32768 alloc=1*32768
(
\342pcpu-alloc: [0] 0 
`
K
\306Built 1 zonelists in Zone order, mobility grouping off.  Total pages: 16256
X
A
\246Kernel command line: rw init=/sbin/init mem=64M earlyprintk debug
H
\306PID hash table entries: 256 (order: -2, 1024 bytes)
P
=
\306Dentry cache hash table entries: 8192 (order: 3, 32768 bytes)
P
<
\306Inode-cache hash table entries: 4096 (order: 2, 16384 bytes)
\306Memory: 55600K/65536K available (5668K kernel code, 275K rwdata, 1864K rodata, 1272K init, 102K bss, 9936K reserved, 0K cma-reserved)
@
,
\306Preemptible hierarchical RCU implementation.
@
,
\306\tBuild-time adjustment of leaf fanout to 32.
 
\v
\306NR_IRQS:200
'
\202x1600 Clock Power Management Unit init!
\306", '=' <repeats 11 times>, " x1600 clocks: ", '=' <repeats 13 times>, "\n\tapll     = 0 , mpll     = 0, ddr = 0\n\tcpu_clk  = 0 , l2c_clk  = 0\n\tahb0_clk = 0 , ahb2_clk = 0\n\tapb_clk  = 0 , ext_clk  = 24000000\n
q
\306clocksource: ingenic_clocksource: mask: 0x", 'f' <repeats 16 times>, " max_cycles: 0x1623fa770, max_idle_ns: 1763180808952 ns
`
N
\306sched_clock: 64 bits at 1500kHz, resolution 666ns, wraps every 4398046510951ns
'
\246random: nonblocking pool is initialized
i
&CPU 0 Unable to handle kernel paging request at virtual address 00000080, epc == 800441e0, ra == 800444bc
 
\t
\202Oops[#1]:
H
\206CPU: 0 PID: 0 Comm: swapper Not tainted 4.4.94+ #254
@
-
\206task: 80772330 ti: 8076e000 task.ti: 8076e000
@
+
\202$ 0   : 00000000 00000001 00000000 00000000
@
+
\202$ 4   : 00000001 00000000 80796100 00000001
@
+
\202$ 8   : 00007ffe 00000002 80902734 805fda08
@
+
\202$12   : 00000068 0000004c 00000033 00000019
@
+
\202$16   : 807b0000 00000000 80796100 00000001
@
+
\202$20   : 00001c06 807118c4 00000008 807118dc
@
+
"\202$24   : 00000001 00000007", ' ' <repeats 18 times>
@
+
\202$28   : 8076e000 82005ea8 00004000 800444bc
 
\202Hi    : 00000000
 
\202Lo    : 00001800
(
\202epc   : 800441e0 __queue_work+0x58/0x2f0
(
\202ra    : 800444bc queue_work_on+0x44/0x6c
\202Status: 10001802\tKERNEL EXL 
\202Cause : 00800408 (ExcCode 02)
 
\202BadVA : 00000080
\202PrId  : 2ed1024f (Xburst)
(
\202Modules linked in:
`
J
\202Process swapper (pid: 0, threadinfo=8076e000, task=80772330, tls=00000000)
\230\001\202\001
"\202Stack : 00000000 80258a0c 00000000 00000000 00000381 80796168 00000000 00000001\n\t  80796168 00008000 00001c06 800444bc 82005ef4 00000000 00000000 00000000\n\t  80790000 802bd364 00000000 807119b0 00000"...
000 00000000 00000000 00000000\n\t  00000000 00000001 80776320 00000002 00000000 806d0abc 806d0ae4 00000001\n\t  807b0000 8005fa28 00000000 00000000 00000000 00000000 00000000 00000000\n\t  ...
 
\v
\202Call Trace:
$
\202[<800441e0>] __queue_work+0x58/0x2f0
$
\202[<800444bc>] queue_work_on+0x44/0x6c
@
,
\202[<802bd364>] credit_entropy_bits+0x354/0x38c
@
\202[<8005fa28>] handle_irq_event_percpu+0x138/0x188
(
\202[<800635c4>] handle_percpu_irq+0x50/0x80
@
)
\202[<8005f190>] generic_handle_irq+0x28/0x38
\202[<80019494>] do_IRQ+0x18/0x24
(
\202[<8027a3b4>] plat_irq_dispatch+0x9c/0xc8
p
`
\202\nCode: 2484f5f0  24020001  a202f4bf <8e220080> 7c420400  10400018  3a740001  8f840000  8c82000c 
$
\206---[ end trace 89e05728ddb617d1 ]---
H
\006Kernel panic - not syncing: Fatal exception in interrupt
\006Rebooting in 10 seconds..
\006Reboot failed -- System halted
